{"name":"Test","id":"TestCases.LoginTests.LoginTest:Test","testCaseName":"TestCases.LoginTests.LoginTest","testSteps":[{"number":1,"description":"James logs into the app","duration":8015,"startTime":"2021-03-30T18:50:40.311055800+05:00[Asia/Karachi]","screenshots":[{"screenshot":"0bbb88f8a090e34be8e4bf188463f62dc1ab6e03e959f06561357fa5ea41ac33.png","timeStamp":1617112242129},{"screenshot":"8089926f6e1e0056f3d902c5ab6a07f2f85180b37ddfa0482ab59b2185db0e1b.png","timeStamp":1617112248326}],"result":"SUCCESS","precondition":false,"level":0,"children":[{"number":2,"description":"James enters \u0027super-admin\u0027 into Email field","duration":551,"startTime":"2021-03-30T18:50:42.132881400+05:00[Asia/Karachi]","screenshots":[{"screenshot":"0bbb88f8a090e34be8e4bf188463f62dc1ab6e03e959f06561357fa5ea41ac33.png","timeStamp":1617112242139},{"screenshot":"172dd08315dba238c2339e6526212841878c1459564f0f41d3faef855614af01.png","timeStamp":1617112242684}],"result":"SUCCESS","precondition":false,"level":1},{"number":3,"description":"James enters \u0027foobar\u0027 then hits [ENTER] into Password field","duration":5635,"startTime":"2021-03-30T18:50:42.687341400+05:00[Asia/Karachi]","screenshots":[{"screenshot":"172dd08315dba238c2339e6526212841878c1459564f0f41d3faef855614af01.png","timeStamp":1617112242690},{"screenshot":"8089926f6e1e0056f3d902c5ab6a07f2f85180b37ddfa0482ab59b2185db0e1b.png","timeStamp":1617112248323}],"result":"SUCCESS","precondition":false,"level":1}]},{"number":4,"description":"James adds a cluster","duration":7324,"startTime":"2021-03-30T18:50:48.345299300+05:00[Asia/Karachi]","screenshots":[{"screenshot":"8089926f6e1e0056f3d902c5ab6a07f2f85180b37ddfa0482ab59b2185db0e1b.png","timeStamp":1617112248346}],"precondition":false,"level":0,"children":[{"number":5,"description":"James clicks on Collector Cluster","duration":524,"startTime":"2021-03-30T18:50:48.347299400+05:00[Asia/Karachi]","screenshots":[{"screenshot":"fc46caf0807c4625212d9d7102d30a8660b360ae3d58f203a7484764e63363ff.png","timeStamp":1617112248871}],"result":"SUCCESS","precondition":false,"level":1},{"number":6,"description":"James clicks on Click on management","duration":6789,"startTime":"2021-03-30T18:50:48.872607+05:00[Asia/Karachi]","screenshots":[{"screenshot":"fc46caf0807c4625212d9d7102d30a8660b360ae3d58f203a7484764e63363ff.png","timeStamp":1617112248875},{"screenshot":"5bda9852cdb40bd6043c680f0e0e489c2ce0a7c3e6893ac8f7deadfbeaa618f3.png","htmlSource":"pagesource12249219128463325945.html.txt","timeStamp":1617112255657}],"exception":{"errorType":"net.thucydides.core.webdriver.exceptions.ElementShouldBeEnabledException","message":"Expected enabled element was not enabled","stackTrace":[{"classLoaderName":"app","declaringClass":"TestCases.LoginTests.LoginTest","methodName":"Test","fileName":"LoginTest.java","lineNumber":30,"format":1}],"rootCause":{"errorType":"org.openqa.selenium.TimeoutException","message":"Expected condition failed: waiting for By.linkText: Management to be enabled (tried for 5 second(s) with 100 milliseconds interval)","stackTrace":[{"classLoaderName":"app","declaringClass":"TestCases.LoginTests.LoginTest","methodName":"Test","fileName":"LoginTest.java","lineNumber":30,"format":1}],"rootCause":{"errorType":"org.openqa.selenium.NoSuchElementException","message":"no such element: Unable to locate element: {\"method\":\"link text\",\"selector\":\"Management\"}\n  (Session info: chrome\u003d89.0.4389.90)\nFor documentation on this error, please visit: https://www.seleniumhq.org/exceptions/no_such_element.html\nBuild info: version: \u00273.141.59\u0027, revision: \u0027e82be7d358\u0027, time: \u00272018-11-14T08:17:03\u0027\nSystem info: host: \u0027DESKTOP-9HSQPC6\u0027, ip: \u002710.8.0.122\u0027, os.name: \u0027Windows 10\u0027, os.arch: \u0027amd64\u0027, os.version: \u002710.0\u0027, java.version: \u002715.0.1\u0027\nDriver info: org.openqa.selenium.chrome.ChromeDriver\nCapabilities {acceptInsecureCerts: false, browserName: chrome, browserVersion: 89.0.4389.90, chrome: {chromedriverVersion: 89.0.4389.23 (61b08ee2c5002..., userDataDir: C:\\Users\\dell\\AppData\\Local...}, goog:chromeOptions: {debuggerAddress: localhost:54735}, javascriptEnabled: true, networkConnectionEnabled: false, pageLoadStrategy: normal, platform: WINDOWS, platformName: WINDOWS, proxy: Proxy(), setWindowRect: true, strictFileInteractability: false, timeouts: {implicit: 0, pageLoad: 300000, script: 30000}, unhandledPromptBehavior: dismiss and notify, webauthn:extension:largeBlob: true, webauthn:virtualAuthenticators: true}\nSession ID: 616f9451e8a1b4e208109b28e8d5a07a\n*** Element info: {Using\u003dlink text, value\u003dManagement}","stackTrace":[{"classLoaderName":"app","declaringClass":"TestCases.LoginTests.LoginTest","methodName":"Test","fileName":"LoginTest.java","lineNumber":30,"format":1}]}}},"result":"FAILURE","precondition":false,"level":1},{"number":7,"description":"James clicks on Add Cluster Button","duration":0,"startTime":"2021-03-30T18:50:55.663977200+05:00[Asia/Karachi]","result":"SKIPPED","precondition":false,"level":1},{"number":8,"description":"James enters \u0027Cluster Name\u0027 into Cluster name field","duration":0,"startTime":"2021-03-30T18:50:55.665975500+05:00[Asia/Karachi]","result":"SKIPPED","precondition":false,"level":1},{"number":9,"description":"James enters \u00275.5.5.5\u0027 into Cluster ip field","duration":0,"startTime":"2021-03-30T18:50:55.667977100+05:00[Asia/Karachi]","result":"SKIPPED","precondition":false,"level":1},{"number":10,"description":"James enters \u0027Raptor_test_asg\u0027 then hits [ENTER] into ASG field","duration":0,"startTime":"2021-03-30T18:50:55.668977300+05:00[Asia/Karachi]","result":"SKIPPED","precondition":false,"level":1}]}],"userStory":{"id":"TestCases.LoginTests.LoginTest","storyName":"Login test","storyClassName":"TestCases.LoginTests.LoginTest","path":"TestCases.LoginTests","type":"story"},"featureTag":{"name":"Login tests/Login test","type":"story","displayName":"Login tests/Login test"},"title":"Test","tags":[{"name":"Login tests/Login test","type":"story","displayName":"Login tests/Login test"}],"startTime":"2021-03-30T18:50:29.161528700+05:00[Asia/Karachi]","duration":26518,"testFailureCause":{"errorType":"net.thucydides.core.webdriver.exceptions.ElementShouldBeEnabledException","message":"Expected enabled element was not enabled\nBuild info: version: \u00273.141.59\u0027, revision: \u0027e82be7d358\u0027, time: \u00272018-11-14T08:17:03\u0027\nSystem info: host: \u0027DESKTOP-9HSQPC6\u0027, ip: \u002710.8.0.122\u0027, os.name: \u0027Windows 10\u0027, os.arch: \u0027amd64\u0027, os.version: \u002710.0\u0027, java.version: \u002715.0.1\u0027\nDriver info: driver.version: unknown","stackTrace":[{"classLoaderName":"app","declaringClass":"TestCases.LoginTests.LoginTest","methodName":"Test","fileName":"LoginTest.java","lineNumber":30,"format":1}]},"testFailureClassname":"net.thucydides.core.webdriver.exceptions.ElementShouldBeEnabledException","testFailureMessage":"Expected enabled element was not enabled\nBuild info: version: \u00273.141.59\u0027, revision: \u0027e82be7d358\u0027, time: \u00272018-11-14T08:17:03\u0027\nSystem info: host: \u0027DESKTOP-9HSQPC6\u0027, ip: \u002710.8.0.122\u0027, os.name: \u0027Windows 10\u0027, os.arch: \u0027amd64\u0027, os.version: \u002710.0\u0027, java.version: \u002715.0.1\u0027\nDriver info: driver.version: unknown","testFailureSummary":"FAILURE;net.thucydides.core.webdriver.exceptions.ElementShouldBeEnabledException;Expected enabled element was not enabled\nBuild info: version: \u00273.141.59\u0027, revision: \u0027e82be7d358\u0027, time: \u00272018-11-14T08:17:03\u0027\nSystem info: host: \u0027DESKTOP-9HSQPC6\u0027, ip: \u002710.8.0.122\u0027, os.name: \u0027Windows 10\u0027, os.arch: \u0027amd64\u0027, os.version: \u002710.0\u0027, java.version: \u002715.0.1\u0027\nDriver info: driver.version: unknown;LoginTest.java","projectKey":"","annotatedResult":"FAILURE","sessionId":"616f9451e8a1b4e208109b28e8d5a07a","driver":"chrome","isManualTestingUpToDate":false,"manual":false,"testSource":"JUnit","actors":[{"name":"James","can":["browse the web"]}],"order":0,"result":"FAILURE"}